        -:    0:Source:unittest1.c
        -:    0:Graph:unittest1.gcno
        -:    0:Data:unittest1.gcda
        -:    0:Runs:1
        -:    0:Programs:1
        -:    1:#include <stdio.h>
        -:    2:#include "assert.h"
        -:    3:#include "dominion.h"
        -:    4:#include "dominion_helpers.h"
        -:    5:#include <string.h>
        -:    6:#include "rngs.h"
        -:    7:
        1:    8:void shuffleTest(){
        1:    9:}
        -:   10:
        1:   11:int main () {
        1:   12:   shuffleTest();
        1:   13:   return 0; 
        -:   14:}
